{"C:\\Users\\Nikolaos\\Desktop\\meet\\src\\App.jsx": {"path":"C:\\Users\\Nikolaos\\Desktop\\meet\\src\\App.jsx","statementMap":{"0":{"start":{"line":14,"column":12},"end":{"line":43,"column":2}},"1":{"start":{"line":15,"column":30},"end":{"line":15,"column":42}},"2":{"start":{"line":16,"column":38},"end":{"line":16,"column":50}},"3":{"start":{"line":17,"column":42},"end":{"line":17,"column":54}},"4":{"start":{"line":18,"column":40},"end":{"line":18,"column":66}},"5":{"start":{"line":21,"column":2},"end":{"line":23,"column":20}},"6":{"start":{"line":22,"column":4},"end":{"line":22,"column":16}},"7":{"start":{"line":26,"column":20},"end":{"line":33,"column":3}},"8":{"start":{"line":27,"column":22},"end":{"line":27,"column":39}},"9":{"start":{"line":28,"column":27},"end":{"line":30,"column":63}},"10":{"start":{"line":30,"column":32},"end":{"line":30,"column":62}},"11":{"start":{"line":31,"column":4},"end":{"line":31,"column":51}},"12":{"start":{"line":32,"column":4},"end":{"line":32,"column":49}},"13":{"start":{"line":36,"column":2},"end":{"line":42,"column":4}}},"fnMap":{"0":{"name":"(anonymous_0)","decl":{"start":{"line":14,"column":12},"end":{"line":14,"column":13}},"loc":{"start":{"line":14,"column":18},"end":{"line":43,"column":2}},"line":14},"1":{"name":"(anonymous_1)","decl":{"start":{"line":21,"column":12},"end":{"line":21,"column":13}},"loc":{"start":{"line":21,"column":18},"end":{"line":23,"column":3}},"line":21},"2":{"name":"(anonymous_2)","decl":{"start":{"line":26,"column":20},"end":{"line":26,"column":21}},"loc":{"start":{"line":26,"column":32},"end":{"line":33,"column":3}},"line":26},"3":{"name":"(anonymous_3)","decl":{"start":{"line":30,"column":23},"end":{"line":30,"column":24}},"loc":{"start":{"line":30,"column":32},"end":{"line":30,"column":62}},"line":30}},"branchMap":{"0":{"loc":{"start":{"line":28,"column":27},"end":{"line":30,"column":63}},"type":"cond-expr","locations":[{"start":{"line":29,"column":6},"end":{"line":29,"column":15}},{"start":{"line":30,"column":6},"end":{"line":30,"column":63}}],"line":28}},"s":{"0":3,"1":12,"2":11,"3":11,"4":11,"5":11,"6":7,"7":11,"8":7,"9":7,"10":35,"11":7,"12":7,"13":11},"f":{"0":12,"1":7,"2":7,"3":35},"b":{"0":[6,1]},"_coverageSchema":"1a1c01bbd47fc00a2c39e90264f33305004495a9","hash":"3a5264afa67623a3e9c74d1e34bf111a90da2fa4"}
,"C:\\Users\\Nikolaos\\Desktop\\meet\\src\\api.js": {"path":"C:\\Users\\Nikolaos\\Desktop\\meet\\src\\api.js","statementMap":{"0":{"start":{"line":9,"column":32},"end":{"line":13,"column":1}},"1":{"start":{"line":10,"column":29},"end":{"line":10,"column":66}},"2":{"start":{"line":10,"column":51},"end":{"line":10,"column":65}},"3":{"start":{"line":11,"column":20},"end":{"line":11,"column":52}},"4":{"start":{"line":12,"column":2},"end":{"line":12,"column":19}},"5":{"start":{"line":20,"column":25},"end":{"line":22,"column":1}},"6":{"start":{"line":21,"column":2},"end":{"line":21,"column":18}}},"fnMap":{"0":{"name":"(anonymous_0)","decl":{"start":{"line":9,"column":32},"end":{"line":9,"column":33}},"loc":{"start":{"line":9,"column":44},"end":{"line":13,"column":1}},"line":9},"1":{"name":"(anonymous_1)","decl":{"start":{"line":10,"column":40},"end":{"line":10,"column":41}},"loc":{"start":{"line":10,"column":51},"end":{"line":10,"column":65}},"line":10},"2":{"name":"(anonymous_2)","decl":{"start":{"line":20,"column":25},"end":{"line":20,"column":26}},"loc":{"start":{"line":20,"column":37},"end":{"line":22,"column":1}},"line":20}},"branchMap":{},"s":{"0":3,"1":10,"2":350,"3":10,"4":10,"5":3,"6":12},"f":{"0":10,"1":350,"2":12},"b":{},"_coverageSchema":"1a1c01bbd47fc00a2c39e90264f33305004495a9","hash":"518966fbca977488b6e79441c0d32e6a4501fb04"}
,"C:\\Users\\Nikolaos\\Desktop\\meet\\src\\mock-data.js": {"path":"C:\\Users\\Nikolaos\\Desktop\\meet\\src\\mock-data.js","statementMap":{"0":{"start":{"line":1,"column":17},"end":{"line":1367,"column":4}}},"fnMap":{},"branchMap":{},"s":{"0":4},"f":{},"b":{},"_coverageSchema":"1a1c01bbd47fc00a2c39e90264f33305004495a9","hash":"1c918b43080532ad064b4d96273fdf1d34feb3f9"}
,"C:\\Users\\Nikolaos\\Desktop\\meet\\src\\components\\CitySearch.jsx": {"path":"C:\\Users\\Nikolaos\\Desktop\\meet\\src\\components\\CitySearch.jsx","statementMap":{"0":{"start":{"line":8,"column":19},"end":{"line":59,"column":1}},"1":{"start":{"line":9,"column":48},"end":{"line":9,"column":63}},"2":{"start":{"line":10,"column":28},"end":{"line":10,"column":40}},"3":{"start":{"line":11,"column":40},"end":{"line":11,"column":52}},"4":{"start":{"line":13,"column":29},"end":{"line":22,"column":3}},"5":{"start":{"line":14,"column":18},"end":{"line":14,"column":36}},"6":{"start":{"line":15,"column":30},"end":{"line":19,"column":10}},"7":{"start":{"line":17,"column":10},"end":{"line":17,"column":62}},"8":{"start":{"line":20,"column":4},"end":{"line":20,"column":20}},"9":{"start":{"line":21,"column":4},"end":{"line":21,"column":38}},"10":{"start":{"line":24,"column":28},"end":{"line":29,"column":3}},"11":{"start":{"line":25,"column":18},"end":{"line":25,"column":42}},"12":{"start":{"line":26,"column":4},"end":{"line":26,"column":20}},"13":{"start":{"line":27,"column":4},"end":{"line":27,"column":30}},"14":{"start":{"line":28,"column":4},"end":{"line":28,"column":26}},"15":{"start":{"line":31,"column":2},"end":{"line":33,"column":26}},"16":{"start":{"line":32,"column":4},"end":{"line":32,"column":33}},"17":{"start":{"line":35,"column":2},"end":{"line":58,"column":4}},"18":{"start":{"line":42,"column":23},"end":{"line":42,"column":47}},"19":{"start":{"line":48,"column":12},"end":{"line":50,"column":17}}},"fnMap":{"0":{"name":"(anonymous_0)","decl":{"start":{"line":8,"column":19},"end":{"line":8,"column":20}},"loc":{"start":{"line":8,"column":57},"end":{"line":59,"column":1}},"line":8},"1":{"name":"(anonymous_1)","decl":{"start":{"line":13,"column":29},"end":{"line":13,"column":30}},"loc":{"start":{"line":13,"column":40},"end":{"line":22,"column":3}},"line":13},"2":{"name":"(anonymous_2)","decl":{"start":{"line":16,"column":28},"end":{"line":16,"column":29}},"loc":{"start":{"line":17,"column":10},"end":{"line":17,"column":62}},"line":17},"3":{"name":"(anonymous_3)","decl":{"start":{"line":24,"column":28},"end":{"line":24,"column":29}},"loc":{"start":{"line":24,"column":39},"end":{"line":29,"column":3}},"line":24},"4":{"name":"(anonymous_4)","decl":{"start":{"line":31,"column":12},"end":{"line":31,"column":13}},"loc":{"start":{"line":31,"column":18},"end":{"line":33,"column":3}},"line":31},"5":{"name":"(anonymous_5)","decl":{"start":{"line":42,"column":17},"end":{"line":42,"column":18}},"loc":{"start":{"line":42,"column":23},"end":{"line":42,"column":47}},"line":42},"6":{"name":"(anonymous_6)","decl":{"start":{"line":47,"column":27},"end":{"line":47,"column":28}},"loc":{"start":{"line":48,"column":12},"end":{"line":50,"column":17}},"line":48}},"branchMap":{"0":{"loc":{"start":{"line":15,"column":30},"end":{"line":19,"column":10}},"type":"cond-expr","locations":[{"start":{"line":16,"column":8},"end":{"line":18,"column":9}},{"start":{"line":19,"column":8},"end":{"line":19,"column":10}}],"line":15},"1":{"loc":{"start":{"line":45,"column":7},"end":{"line":56,"column":7}},"type":"binary-expr","locations":[{"start":{"line":45,"column":7},"end":{"line":45,"column":22}},{"start":{"line":46,"column":8},"end":{"line":55,"column":13}}],"line":45}},"s":{"0":3,"1":58,"2":58,"3":58,"4":58,"5":18,"6":18,"7":36,"8":18,"9":18,"10":58,"11":2,"12":2,"13":2,"14":2,"15":58,"16":16,"17":58,"18":5,"19":26},"f":{"0":58,"1":18,"2":36,"3":2,"4":16,"5":5,"6":26},"b":{"0":[18,0],"1":[58,24]},"_coverageSchema":"1a1c01bbd47fc00a2c39e90264f33305004495a9","hash":"91e625e23969c25c62a3ccafa8cf0ada817420c2"}
,"C:\\Users\\Nikolaos\\Desktop\\meet\\src\\components\\Event.jsx": {"path":"C:\\Users\\Nikolaos\\Desktop\\meet\\src\\components\\Event.jsx","statementMap":{"0":{"start":{"line":5,"column":14},"end":{"line":27,"column":1}},"1":{"start":{"line":6,"column":40},"end":{"line":6,"column":55}},"2":{"start":{"line":8,"column":24},"end":{"line":10,"column":3}},"3":{"start":{"line":9,"column":4},"end":{"line":9,"column":33}},"4":{"start":{"line":12,"column":2},"end":{"line":26,"column":4}}},"fnMap":{"0":{"name":"(anonymous_0)","decl":{"start":{"line":5,"column":14},"end":{"line":5,"column":15}},"loc":{"start":{"line":5,"column":29},"end":{"line":27,"column":1}},"line":5},"1":{"name":"(anonymous_1)","decl":{"start":{"line":8,"column":24},"end":{"line":8,"column":25}},"loc":{"start":{"line":8,"column":30},"end":{"line":10,"column":3}},"line":8}},"branchMap":{"0":{"loc":{"start":{"line":18,"column":9},"end":{"line":18,"column":54}},"type":"cond-expr","locations":[{"start":{"line":18,"column":23},"end":{"line":18,"column":37}},{"start":{"line":18,"column":40},"end":{"line":18,"column":54}}],"line":18},"1":{"loc":{"start":{"line":20,"column":7},"end":{"line":24,"column":7}},"type":"binary-expr","locations":[{"start":{"line":20,"column":7},"end":{"line":20,"column":18}},{"start":{"line":21,"column":8},"end":{"line":23,"column":14}}],"line":20}},"s":{"0":4,"1":189,"2":189,"3":3,"4":189},"f":{"0":189,"1":3},"b":{"0":[2,187],"1":[189,2]},"_coverageSchema":"1a1c01bbd47fc00a2c39e90264f33305004495a9","hash":"55b061985dadc9e11c6546f388388ea9e2dae4e8"}
,"C:\\Users\\Nikolaos\\Desktop\\meet\\src\\components\\EventList.jsx": {"path":"C:\\Users\\Nikolaos\\Desktop\\meet\\src\\components\\EventList.jsx","statementMap":{"0":{"start":{"line":6,"column":18},"end":{"line":16,"column":1}},"1":{"start":{"line":7,"column":2},"end":{"line":15,"column":4}},"2":{"start":{"line":10,"column":8},"end":{"line":12,"column":13}}},"fnMap":{"0":{"name":"(anonymous_0)","decl":{"start":{"line":6,"column":18},"end":{"line":6,"column":19}},"loc":{"start":{"line":6,"column":34},"end":{"line":16,"column":1}},"line":6},"1":{"name":"(anonymous_1)","decl":{"start":{"line":9,"column":27},"end":{"line":9,"column":28}},"loc":{"start":{"line":10,"column":8},"end":{"line":12,"column":13}},"line":10}},"branchMap":{"0":{"loc":{"start":{"line":9,"column":7},"end":{"line":13,"column":15}},"type":"cond-expr","locations":[{"start":{"line":9,"column":16},"end":{"line":13,"column":8}},{"start":{"line":13,"column":11},"end":{"line":13,"column":15}}],"line":9}},"s":{"0":3,"1":14,"2":180},"f":{"0":14,"1":180},"b":{"0":[12,2]},"_coverageSchema":"1a1c01bbd47fc00a2c39e90264f33305004495a9","hash":"d109275f1fc032535af65fb678d8dc58b4ae81a1"}
,"C:\\Users\\Nikolaos\\Desktop\\meet\\src\\components\\NumberOfEvents.jsx": {"path":"C:\\Users\\Nikolaos\\Desktop\\meet\\src\\components\\NumberOfEvents.jsx","statementMap":{"0":{"start":{"line":5,"column":23},"end":{"line":32,"column":1}},"1":{"start":{"line":6,"column":38},"end":{"line":6,"column":61}},"2":{"start":{"line":8,"column":28},"end":{"line":18,"column":3}},"3":{"start":{"line":9,"column":18},"end":{"line":9,"column":36}},"4":{"start":{"line":10,"column":24},"end":{"line":10,"column":43}},"5":{"start":{"line":12,"column":4},"end":{"line":17,"column":5}},"6":{"start":{"line":13,"column":6},"end":{"line":13,"column":33}},"7":{"start":{"line":14,"column":6},"end":{"line":14,"column":34}},"8":{"start":{"line":15,"column":11},"end":{"line":17,"column":5}},"9":{"start":{"line":16,"column":6},"end":{"line":16,"column":24}},"10":{"start":{"line":20,"column":2},"end":{"line":31,"column":4}}},"fnMap":{"0":{"name":"(anonymous_0)","decl":{"start":{"line":5,"column":23},"end":{"line":5,"column":24}},"loc":{"start":{"line":5,"column":67},"end":{"line":32,"column":1}},"line":5},"1":{"name":"(anonymous_1)","decl":{"start":{"line":8,"column":28},"end":{"line":8,"column":29}},"loc":{"start":{"line":8,"column":39},"end":{"line":18,"column":3}},"line":8}},"branchMap":{"0":{"loc":{"start":{"line":5,"column":42},"end":{"line":5,"column":60}},"type":"default-arg","locations":[{"start":{"line":5,"column":58},"end":{"line":5,"column":60}}],"line":5},"1":{"loc":{"start":{"line":12,"column":4},"end":{"line":17,"column":5}},"type":"if","locations":[{"start":{"line":12,"column":4},"end":{"line":17,"column":5}},{"start":{"line":15,"column":11},"end":{"line":17,"column":5}}],"line":12},"2":{"loc":{"start":{"line":12,"column":8},"end":{"line":12,"column":46}},"type":"binary-expr","locations":[{"start":{"line":12,"column":8},"end":{"line":12,"column":27}},{"start":{"line":12,"column":31},"end":{"line":12,"column":46}}],"line":12},"3":{"loc":{"start":{"line":15,"column":11},"end":{"line":17,"column":5}},"type":"if","locations":[{"start":{"line":15,"column":11},"end":{"line":17,"column":5}},{"start":{},"end":{}}],"line":15}},"s":{"0":4,"1":17,"2":17,"3":3,"4":3,"5":3,"6":2,"7":2,"8":1,"9":1,"10":17},"f":{"0":17,"1":3},"b":{"0":[17],"1":[2,1],"2":[3,2],"3":[1,0]},"_coverageSchema":"1a1c01bbd47fc00a2c39e90264f33305004495a9","hash":"65d23aeaec311ba6b0b7b2bc11edb1587c1b385b"}
}
