{"C:\\Users\\Nikolaos\\Desktop\\meet\\src\\App.jsx": {"path":"C:\\Users\\Nikolaos\\Desktop\\meet\\src\\App.jsx","statementMap":{"0":{"start":{"line":7,"column":12},"end":{"line":15,"column":2}},"1":{"start":{"line":8,"column":2},"end":{"line":14,"column":4}}},"fnMap":{"0":{"name":"(anonymous_0)","decl":{"start":{"line":7,"column":12},"end":{"line":7,"column":13}},"loc":{"start":{"line":7,"column":18},"end":{"line":15,"column":2}},"line":7}},"branchMap":{},"s":{"0":1,"1":3},"f":{"0":3},"b":{},"_coverageSchema":"1a1c01bbd47fc00a2c39e90264f33305004495a9","hash":"545cf4bebad01c753ed66a4ffeabcaee3dbe8245"}
,"C:\\Users\\Nikolaos\\Desktop\\meet\\src\\api.js": {"path":"C:\\Users\\Nikolaos\\Desktop\\meet\\src\\api.js","statementMap":{"0":{"start":{"line":9,"column":32},"end":{"line":13,"column":1}},"1":{"start":{"line":10,"column":29},"end":{"line":10,"column":66}},"2":{"start":{"line":10,"column":51},"end":{"line":10,"column":65}},"3":{"start":{"line":11,"column":20},"end":{"line":11,"column":52}},"4":{"start":{"line":12,"column":2},"end":{"line":12,"column":19}},"5":{"start":{"line":20,"column":25},"end":{"line":22,"column":1}},"6":{"start":{"line":21,"column":2},"end":{"line":21,"column":18}}},"fnMap":{"0":{"name":"(anonymous_0)","decl":{"start":{"line":9,"column":32},"end":{"line":9,"column":33}},"loc":{"start":{"line":9,"column":44},"end":{"line":13,"column":1}},"line":9},"1":{"name":"(anonymous_1)","decl":{"start":{"line":10,"column":40},"end":{"line":10,"column":41}},"loc":{"start":{"line":10,"column":51},"end":{"line":10,"column":65}},"line":10},"2":{"name":"(anonymous_2)","decl":{"start":{"line":20,"column":25},"end":{"line":20,"column":26}},"loc":{"start":{"line":20,"column":37},"end":{"line":22,"column":1}},"line":20}},"branchMap":{},"s":{"0":2,"1":2,"2":70,"3":2,"4":2,"5":2,"6":3},"f":{"0":2,"1":70,"2":3},"b":{},"_coverageSchema":"1a1c01bbd47fc00a2c39e90264f33305004495a9","hash":"518966fbca977488b6e79441c0d32e6a4501fb04"}
,"C:\\Users\\Nikolaos\\Desktop\\meet\\src\\mock-data.js": {"path":"C:\\Users\\Nikolaos\\Desktop\\meet\\src\\mock-data.js","statementMap":{"0":{"start":{"line":1,"column":17},"end":{"line":1367,"column":4}}},"fnMap":{},"branchMap":{},"s":{"0":3},"f":{},"b":{},"_coverageSchema":"1a1c01bbd47fc00a2c39e90264f33305004495a9","hash":"1c918b43080532ad064b4d96273fdf1d34feb3f9"}
,"C:\\Users\\Nikolaos\\Desktop\\meet\\src\\components\\CitySearch.jsx": {"path":"C:\\Users\\Nikolaos\\Desktop\\meet\\src\\components\\CitySearch.jsx","statementMap":{"0":{"start":{"line":7,"column":19},"end":{"line":53,"column":1}},"1":{"start":{"line":8,"column":48},"end":{"line":8,"column":63}},"2":{"start":{"line":9,"column":28},"end":{"line":9,"column":40}},"3":{"start":{"line":10,"column":40},"end":{"line":10,"column":52}},"4":{"start":{"line":12,"column":29},"end":{"line":21,"column":3}},"5":{"start":{"line":13,"column":18},"end":{"line":13,"column":36}},"6":{"start":{"line":14,"column":30},"end":{"line":18,"column":10}},"7":{"start":{"line":16,"column":10},"end":{"line":16,"column":62}},"8":{"start":{"line":19,"column":4},"end":{"line":19,"column":20}},"9":{"start":{"line":20,"column":4},"end":{"line":20,"column":38}},"10":{"start":{"line":23,"column":28},"end":{"line":27,"column":3}},"11":{"start":{"line":24,"column":18},"end":{"line":24,"column":42}},"12":{"start":{"line":25,"column":4},"end":{"line":25,"column":20}},"13":{"start":{"line":26,"column":4},"end":{"line":26,"column":30}},"14":{"start":{"line":29,"column":2},"end":{"line":52,"column":4}},"15":{"start":{"line":36,"column":23},"end":{"line":36,"column":47}},"16":{"start":{"line":42,"column":12},"end":{"line":44,"column":17}}},"fnMap":{"0":{"name":"(anonymous_0)","decl":{"start":{"line":7,"column":19},"end":{"line":7,"column":20}},"loc":{"start":{"line":7,"column":41},"end":{"line":53,"column":1}},"line":7},"1":{"name":"(anonymous_1)","decl":{"start":{"line":12,"column":29},"end":{"line":12,"column":30}},"loc":{"start":{"line":12,"column":40},"end":{"line":21,"column":3}},"line":12},"2":{"name":"(anonymous_2)","decl":{"start":{"line":15,"column":28},"end":{"line":15,"column":29}},"loc":{"start":{"line":16,"column":10},"end":{"line":16,"column":62}},"line":16},"3":{"name":"(anonymous_3)","decl":{"start":{"line":23,"column":28},"end":{"line":23,"column":29}},"loc":{"start":{"line":23,"column":39},"end":{"line":27,"column":3}},"line":23},"4":{"name":"(anonymous_4)","decl":{"start":{"line":36,"column":17},"end":{"line":36,"column":18}},"loc":{"start":{"line":36,"column":23},"end":{"line":36,"column":47}},"line":36},"5":{"name":"(anonymous_5)","decl":{"start":{"line":41,"column":27},"end":{"line":41,"column":28}},"loc":{"start":{"line":42,"column":12},"end":{"line":44,"column":17}},"line":42}},"branchMap":{"0":{"loc":{"start":{"line":14,"column":30},"end":{"line":18,"column":10}},"type":"cond-expr","locations":[{"start":{"line":15,"column":8},"end":{"line":17,"column":9}},{"start":{"line":18,"column":8},"end":{"line":18,"column":10}}],"line":14},"1":{"loc":{"start":{"line":39,"column":7},"end":{"line":50,"column":7}},"type":"binary-expr","locations":[{"start":{"line":39,"column":7},"end":{"line":39,"column":22}},{"start":{"line":40,"column":8},"end":{"line":49,"column":13}}],"line":39}},"s":{"0":2,"1":26,"2":26,"3":26,"4":26,"5":12,"6":12,"7":24,"8":12,"9":12,"10":26,"11":1,"12":1,"13":1,"14":26,"15":3,"16":12},"f":{"0":26,"1":12,"2":24,"3":1,"4":3,"5":12},"b":{"0":[12,0],"1":[26,15]},"_coverageSchema":"1a1c01bbd47fc00a2c39e90264f33305004495a9","hash":"12bfb3742aedd1b3f69ef71c3b4592f7dcdd2fe1"}
,"C:\\Users\\Nikolaos\\Desktop\\meet\\src\\components\\Event.jsx": {"path":"C:\\Users\\Nikolaos\\Desktop\\meet\\src\\components\\Event.jsx","statementMap":{"0":{"start":{"line":5,"column":14},"end":{"line":27,"column":1}},"1":{"start":{"line":6,"column":40},"end":{"line":6,"column":55}},"2":{"start":{"line":8,"column":24},"end":{"line":10,"column":3}},"3":{"start":{"line":9,"column":4},"end":{"line":9,"column":33}},"4":{"start":{"line":12,"column":2},"end":{"line":26,"column":4}}},"fnMap":{"0":{"name":"(anonymous_0)","decl":{"start":{"line":5,"column":14},"end":{"line":5,"column":15}},"loc":{"start":{"line":5,"column":29},"end":{"line":27,"column":1}},"line":5},"1":{"name":"(anonymous_1)","decl":{"start":{"line":8,"column":24},"end":{"line":8,"column":25}},"loc":{"start":{"line":8,"column":30},"end":{"line":10,"column":3}},"line":8}},"branchMap":{"0":{"loc":{"start":{"line":18,"column":9},"end":{"line":18,"column":54}},"type":"cond-expr","locations":[{"start":{"line":18,"column":23},"end":{"line":18,"column":37}},{"start":{"line":18,"column":40},"end":{"line":18,"column":54}}],"line":18},"1":{"loc":{"start":{"line":20,"column":7},"end":{"line":24,"column":7}},"type":"binary-expr","locations":[{"start":{"line":20,"column":7},"end":{"line":20,"column":18}},{"start":{"line":21,"column":8},"end":{"line":23,"column":14}}],"line":20}},"s":{"0":3,"1":44,"2":44,"3":3,"4":44},"f":{"0":44,"1":3},"b":{"0":[2,42],"1":[44,2]},"_coverageSchema":"1a1c01bbd47fc00a2c39e90264f33305004495a9","hash":"55b061985dadc9e11c6546f388388ea9e2dae4e8"}
,"C:\\Users\\Nikolaos\\Desktop\\meet\\src\\components\\EventList.jsx": {"path":"C:\\Users\\Nikolaos\\Desktop\\meet\\src\\components\\EventList.jsx","statementMap":{"0":{"start":{"line":7,"column":18},"end":{"line":17,"column":1}},"1":{"start":{"line":8,"column":2},"end":{"line":16,"column":4}},"2":{"start":{"line":11,"column":8},"end":{"line":13,"column":13}}},"fnMap":{"0":{"name":"(anonymous_0)","decl":{"start":{"line":7,"column":18},"end":{"line":7,"column":19}},"loc":{"start":{"line":7,"column":34},"end":{"line":17,"column":1}},"line":7},"1":{"name":"(anonymous_1)","decl":{"start":{"line":10,"column":27},"end":{"line":10,"column":28}},"loc":{"start":{"line":11,"column":8},"end":{"line":13,"column":13}},"line":11}},"branchMap":{"0":{"loc":{"start":{"line":10,"column":7},"end":{"line":14,"column":15}},"type":"cond-expr","locations":[{"start":{"line":10,"column":16},"end":{"line":14,"column":8}},{"start":{"line":14,"column":11},"end":{"line":14,"column":15}}],"line":10}},"s":{"0":2,"1":6,"2":35},"f":{"0":6,"1":35},"b":{"0":[1,5]},"_coverageSchema":"1a1c01bbd47fc00a2c39e90264f33305004495a9","hash":"87344afc0d4400a4e4e801cb249c5a382d92dfa0"}
,"C:\\Users\\Nikolaos\\Desktop\\meet\\src\\components\\NumberofEvents.jsx": {"path":"C:\\Users\\Nikolaos\\Desktop\\meet\\src\\components\\NumberofEvents.jsx","statementMap":{"0":{"start":{"line":5,"column":23},"end":{"line":32,"column":1}},"1":{"start":{"line":6,"column":38},"end":{"line":6,"column":61}},"2":{"start":{"line":8,"column":28},"end":{"line":18,"column":3}},"3":{"start":{"line":9,"column":18},"end":{"line":9,"column":36}},"4":{"start":{"line":10,"column":24},"end":{"line":10,"column":43}},"5":{"start":{"line":12,"column":4},"end":{"line":17,"column":5}},"6":{"start":{"line":13,"column":6},"end":{"line":13,"column":33}},"7":{"start":{"line":14,"column":6},"end":{"line":14,"column":34}},"8":{"start":{"line":15,"column":11},"end":{"line":17,"column":5}},"9":{"start":{"line":16,"column":6},"end":{"line":16,"column":24}},"10":{"start":{"line":20,"column":2},"end":{"line":31,"column":4}}},"fnMap":{"0":{"name":"(anonymous_0)","decl":{"start":{"line":5,"column":23},"end":{"line":5,"column":24}},"loc":{"start":{"line":5,"column":67},"end":{"line":32,"column":1}},"line":5},"1":{"name":"(anonymous_1)","decl":{"start":{"line":8,"column":28},"end":{"line":8,"column":29}},"loc":{"start":{"line":8,"column":39},"end":{"line":18,"column":3}},"line":8}},"branchMap":{"0":{"loc":{"start":{"line":5,"column":42},"end":{"line":5,"column":60}},"type":"default-arg","locations":[{"start":{"line":5,"column":58},"end":{"line":5,"column":60}}],"line":5},"1":{"loc":{"start":{"line":12,"column":4},"end":{"line":17,"column":5}},"type":"if","locations":[{"start":{"line":12,"column":4},"end":{"line":17,"column":5}},{"start":{"line":15,"column":11},"end":{"line":17,"column":5}}],"line":12},"2":{"loc":{"start":{"line":12,"column":8},"end":{"line":12,"column":46}},"type":"binary-expr","locations":[{"start":{"line":12,"column":8},"end":{"line":12,"column":27}},{"start":{"line":12,"column":31},"end":{"line":12,"column":46}}],"line":12},"3":{"loc":{"start":{"line":15,"column":11},"end":{"line":17,"column":5}},"type":"if","locations":[{"start":{"line":15,"column":11},"end":{"line":17,"column":5}},{"start":{},"end":{}}],"line":15}},"s":{"0":2,"1":9,"2":9,"3":3,"4":3,"5":3,"6":2,"7":2,"8":1,"9":1,"10":9},"f":{"0":9,"1":3},"b":{"0":[9],"1":[2,1],"2":[3,2],"3":[1,0]},"_coverageSchema":"1a1c01bbd47fc00a2c39e90264f33305004495a9","hash":"f96bc46947d22a46edf6b287a823c4a581f0ca86"}
}
