TN:
SF:src\App.jsx
FN:14,(anonymous_0)
FN:21,(anonymous_1)
FN:26,(anonymous_2)
FN:30,(anonymous_3)
FNF:4
FNH:4
FNDA:12,(anonymous_0)
FNDA:7,(anonymous_1)
FNDA:7,(anonymous_2)
FNDA:35,(anonymous_3)
DA:14,3
DA:15,12
DA:16,11
DA:17,11
DA:18,11
DA:21,11
DA:22,7
DA:26,11
DA:27,7
DA:28,7
DA:30,35
DA:31,7
DA:32,7
DA:36,11
LF:14
LH:14
BRDA:28,0,0,6
BRDA:28,0,1,1
BRF:2
BRH:2
end_of_record
TN:
SF:src\api.js
FN:9,(anonymous_0)
FN:10,(anonymous_1)
FN:20,(anonymous_2)
FNF:3
FNH:3
FNDA:10,(anonymous_0)
FNDA:350,(anonymous_1)
FNDA:12,(anonymous_2)
DA:9,3
DA:10,350
DA:11,10
DA:12,10
DA:20,3
DA:21,12
LF:6
LH:6
BRF:0
BRH:0
end_of_record
TN:
SF:src\mock-data.js
FNF:0
FNH:0
DA:1,4
LF:1
LH:1
BRF:0
BRH:0
end_of_record
TN:
SF:src\components\CitySearch.jsx
FN:8,(anonymous_0)
FN:13,(anonymous_1)
FN:16,(anonymous_2)
FN:24,(anonymous_3)
FN:31,(anonymous_4)
FN:42,(anonymous_5)
FN:47,(anonymous_6)
FNF:7
FNH:7
FNDA:58,(anonymous_0)
FNDA:18,(anonymous_1)
FNDA:36,(anonymous_2)
FNDA:2,(anonymous_3)
FNDA:16,(anonymous_4)
FNDA:5,(anonymous_5)
FNDA:26,(anonymous_6)
DA:8,3
DA:9,58
DA:10,58
DA:11,58
DA:13,58
DA:14,18
DA:15,18
DA:17,36
DA:20,18
DA:21,18
DA:24,58
DA:25,2
DA:26,2
DA:27,2
DA:28,2
DA:31,58
DA:32,16
DA:35,58
DA:42,5
DA:48,26
LF:20
LH:20
BRDA:15,0,0,18
BRDA:15,0,1,0
BRDA:45,1,0,58
BRDA:45,1,1,24
BRF:4
BRH:3
end_of_record
TN:
SF:src\components\Event.jsx
FN:5,(anonymous_0)
FN:8,(anonymous_1)
FNF:2
FNH:2
FNDA:189,(anonymous_0)
FNDA:3,(anonymous_1)
DA:5,4
DA:6,189
DA:8,189
DA:9,3
DA:12,189
LF:5
LH:5
BRDA:18,0,0,2
BRDA:18,0,1,187
BRDA:20,1,0,189
BRDA:20,1,1,2
BRF:4
BRH:4
end_of_record
TN:
SF:src\components\EventList.jsx
FN:6,(anonymous_0)
FN:9,(anonymous_1)
FNF:2
FNH:2
FNDA:14,(anonymous_0)
FNDA:180,(anonymous_1)
DA:6,3
DA:7,14
DA:10,180
LF:3
LH:3
BRDA:9,0,0,12
BRDA:9,0,1,2
BRF:2
BRH:2
end_of_record
TN:
SF:src\components\NumberOfEvents.jsx
FN:5,(anonymous_0)
FN:8,(anonymous_1)
FNF:2
FNH:2
FNDA:17,(anonymous_0)
FNDA:3,(anonymous_1)
DA:5,4
DA:6,17
DA:8,17
DA:9,3
DA:10,3
DA:12,3
DA:13,2
DA:14,2
DA:15,1
DA:16,1
DA:20,17
LF:11
LH:11
BRDA:5,0,0,17
BRDA:12,1,0,2
BRDA:12,1,1,1
BRDA:12,2,0,3
BRDA:12,2,1,2
BRDA:15,3,0,1
BRDA:15,3,1,0
BRF:7
BRH:6
end_of_record
