TN:
SF:src\App.jsx
FN:7,(anonymous_0)
FNF:1
FNH:1
FNDA:3,(anonymous_0)
DA:7,1
DA:8,3
LF:2
LH:2
BRF:0
BRH:0
end_of_record
TN:
SF:src\api.js
FN:9,(anonymous_0)
FN:10,(anonymous_1)
FN:20,(anonymous_2)
FNF:3
FNH:3
FNDA:2,(anonymous_0)
FNDA:70,(anonymous_1)
FNDA:3,(anonymous_2)
DA:9,2
DA:10,70
DA:11,2
DA:12,2
DA:20,2
DA:21,3
LF:6
LH:6
BRF:0
BRH:0
end_of_record
TN:
SF:src\mock-data.js
FNF:0
FNH:0
DA:1,3
LF:1
LH:1
BRF:0
BRH:0
end_of_record
TN:
SF:src\components\CitySearch.jsx
FN:7,(anonymous_0)
FN:12,(anonymous_1)
FN:15,(anonymous_2)
FN:23,(anonymous_3)
FN:36,(anonymous_4)
FN:41,(anonymous_5)
FNF:6
FNH:6
FNDA:26,(anonymous_0)
FNDA:12,(anonymous_1)
FNDA:24,(anonymous_2)
FNDA:1,(anonymous_3)
FNDA:3,(anonymous_4)
FNDA:12,(anonymous_5)
DA:7,2
DA:8,26
DA:9,26
DA:10,26
DA:12,26
DA:13,12
DA:14,12
DA:16,24
DA:19,12
DA:20,12
DA:23,26
DA:24,1
DA:25,1
DA:26,1
DA:29,26
DA:36,3
DA:42,12
LF:17
LH:17
BRDA:14,0,0,12
BRDA:14,0,1,0
BRDA:39,1,0,26
BRDA:39,1,1,15
BRF:4
BRH:3
end_of_record
TN:
SF:src\components\Event.jsx
FN:5,(anonymous_0)
FN:8,(anonymous_1)
FNF:2
FNH:2
FNDA:44,(anonymous_0)
FNDA:3,(anonymous_1)
DA:5,3
DA:6,44
DA:8,44
DA:9,3
DA:12,44
LF:5
LH:5
BRDA:18,0,0,2
BRDA:18,0,1,42
BRDA:20,1,0,44
BRDA:20,1,1,2
BRF:4
BRH:4
end_of_record
TN:
SF:src\components\EventList.jsx
FN:7,(anonymous_0)
FN:10,(anonymous_1)
FNF:2
FNH:2
FNDA:6,(anonymous_0)
FNDA:35,(anonymous_1)
DA:7,2
DA:8,6
DA:11,35
LF:3
LH:3
BRDA:10,0,0,1
BRDA:10,0,1,5
BRF:2
BRH:2
end_of_record
TN:
SF:src\components\NumberofEvents.jsx
FN:5,(anonymous_0)
FN:8,(anonymous_1)
FNF:2
FNH:2
FNDA:9,(anonymous_0)
FNDA:3,(anonymous_1)
DA:5,2
DA:6,9
DA:8,9
DA:9,3
DA:10,3
DA:12,3
DA:13,2
DA:14,2
DA:15,1
DA:16,1
DA:20,9
LF:11
LH:11
BRDA:5,0,0,9
BRDA:12,1,0,2
BRDA:12,1,1,1
BRDA:12,2,0,3
BRDA:12,2,1,2
BRDA:15,3,0,1
BRDA:15,3,1,0
BRF:7
BRH:6
end_of_record
